<?xml version="1.0" encoding="UTF-8"?>
<!-- Generated by org.testng.reporters.JUnitXMLReporter -->
<testsuite ignored="0" hostname="QSP" failures="1" tests="3" name="Test" time="39.17" errors="0" timestamp="2021-10-13T09:19:00 IST">
  <testcase classname="testng.Testcase1" name="loing" time="5.497">
    <failure type="java.lang.AssertionError" message="The following asserts failed:
	expected [tyjghghghdghddgh] but found []">
      <![CDATA[java.lang.AssertionError: The following asserts failed:
expected [tyjghghghdghddgh] but found []
at testng.Testcase1.loing(Testcase1.java:42)
at java.base/java.util.ArrayList.forEach(ArrayList.java:1511)
... Removed 29 stack frames]]>
    </failure>
  </testcase> <!-- loing -->
  <testcase classname="testng.Testcase2" name="forgotPassword" time="3.876"/>
  <testcase classname="testng.Testcase3" name="createApage" time="8.478"/>
</testsuite> <!-- Test -->
